<?xml version="1.0" encoding="UTF-8"?>
<!-- Generated by org.testng.reporters.JUnitReportReporter -->
<testsuite hostname="LAPTOP-LJT4TVA1" failures="0" tests="1" name="Runner.dellrun" time="7.973" errors="0" timestamp="2023-03-01T18:35:13 CST" skipped="0">
  <testcase classname="Runner.dellrun" name="feature" time="7.973"/>
  <system-out/>
</testsuite> <!-- Runner.dellrun -->
